<?xml version="1.0" encoding="UTF-8"?><testrun name="CourseRepositoryTest" project="JPA_Spring_Hibernate" tests="7" started="7" failures="0" errors="1" ignored="0">
  <testsuite name="com.jpa.repository.CourseRepositoryTest" time="51.354" displayname="CourseRepositoryTest" uniqueid="[engine:junit-vintage]/[runner:com.jpa.repository.CourseRepositoryTest]">
    <testcase name="playWithEntityManager" classname="com.jpa.repository.CourseRepositoryTest" time="1.697" displayname="playWithEntityManager" uniqueid="[engine:junit-vintage]/[runner:com.jpa.repository.CourseRepositoryTest]/[test:playWithEntityManager(com.jpa.repository.CourseRepositoryTest)]"/>
    <testcase name="findByWhere_NamedQuery" classname="com.jpa.repository.CourseRepositoryTest" time="18.469" displayname="findByWhere_NamedQuery" uniqueid="[engine:junit-vintage]/[runner:com.jpa.repository.CourseRepositoryTest]/[test:findByWhere_NamedQuery(com.jpa.repository.CourseRepositoryTest)]">
      <error>java.lang.IllegalArgumentException: No query defined for that name [query_get_100_Step_coursesS]&#13;
	at org.hibernate.internal.AbstractSharedSessionContract.buildQueryFromName(AbstractSharedSessionContract.java:892)&#13;
	at org.hibernate.internal.AbstractSharedSessionContract.createNamedQuery(AbstractSharedSessionContract.java:990)&#13;
	at org.hibernate.internal.AbstractSessionImpl.createNamedQuery(AbstractSessionImpl.java:23)&#13;
	at sun.reflect.NativeMethodAccessorImpl.invoke0(Native Method)&#13;
	at sun.reflect.NativeMethodAccessorImpl.invoke(Unknown Source)&#13;
	at sun.reflect.DelegatingMethodAccessorImpl.invoke(Unknown Source)&#13;
	at java.lang.reflect.Method.invoke(Unknown Source)&#13;
	at org.springframework.orm.jpa.ExtendedEntityManagerCreator$ExtendedEntityManagerInvocationHandler.invoke(ExtendedEntityManagerCreator.java:368)&#13;
	at com.sun.proxy.$Proxy91.createNamedQuery(Unknown Source)&#13;
	at sun.reflect.NativeMethodAccessorImpl.invoke0(Native Method)&#13;
	at sun.reflect.NativeMethodAccessorImpl.invoke(Unknown Source)&#13;
	at sun.reflect.DelegatingMethodAccessorImpl.invoke(Unknown Source)&#13;
	at java.lang.reflect.Method.invoke(Unknown Source)&#13;
	at org.springframework.orm.jpa.SharedEntityManagerCreator$SharedEntityManagerInvocationHandler.invoke(SharedEntityManagerCreator.java:314)&#13;
	at com.sun.proxy.$Proxy91.createNamedQuery(Unknown Source)&#13;
	at com.jpa.repository.CourseRepositoryTest.findByWhere_NamedQuery(CourseRepositoryTest.java:59)&#13;
	at sun.reflect.NativeMethodAccessorImpl.invoke0(Native Method)&#13;
	at sun.reflect.NativeMethodAccessorImpl.invoke(Unknown Source)&#13;
	at sun.reflect.DelegatingMethodAccessorImpl.invoke(Unknown Source)&#13;
	at java.lang.reflect.Method.invoke(Unknown Source)&#13;
	at org.junit.runners.model.FrameworkMethod$1.runReflectiveCall(FrameworkMethod.java:50)&#13;
	at org.junit.internal.runners.model.ReflectiveCallable.run(ReflectiveCallable.java:12)&#13;
	at org.junit.runners.model.FrameworkMethod.invokeExplosively(FrameworkMethod.java:47)&#13;
	at org.junit.internal.runners.statements.InvokeMethod.evaluate(InvokeMethod.java:17)&#13;
	at org.springframework.test.context.junit4.statements.RunBeforeTestExecutionCallbacks.evaluate(RunBeforeTestExecutionCallbacks.java:74)&#13;
	at org.springframework.test.context.junit4.statements.RunAfterTestExecutionCallbacks.evaluate(RunAfterTestExecutionCallbacks.java:84)&#13;
	at org.springframework.test.context.junit4.statements.RunBeforeTestMethodCallbacks.evaluate(RunBeforeTestMethodCallbacks.java:75)&#13;
	at org.springframework.test.context.junit4.statements.RunAfterTestMethodCallbacks.evaluate(RunAfterTestMethodCallbacks.java:86)&#13;
	at org.springframework.test.context.junit4.statements.SpringRepeat.evaluate(SpringRepeat.java:84)&#13;
	at org.junit.runners.ParentRunner.runLeaf(ParentRunner.java:325)&#13;
	at org.springframework.test.context.junit4.SpringJUnit4ClassRunner.runChild(SpringJUnit4ClassRunner.java:251)&#13;
	at org.springframework.test.context.junit4.SpringJUnit4ClassRunner.runChild(SpringJUnit4ClassRunner.java:97)&#13;
	at org.junit.runners.ParentRunner$3.run(ParentRunner.java:290)&#13;
	at org.junit.runners.ParentRunner$1.schedule(ParentRunner.java:71)&#13;
	at org.junit.runners.ParentRunner.runChildren(ParentRunner.java:288)&#13;
	at org.junit.runners.ParentRunner.access$000(ParentRunner.java:58)&#13;
	at org.junit.runners.ParentRunner$2.evaluate(ParentRunner.java:268)&#13;
	at org.springframework.test.context.junit4.statements.RunBeforeTestClassCallbacks.evaluate(RunBeforeTestClassCallbacks.java:61)&#13;
	at org.springframework.test.context.junit4.statements.RunAfterTestClassCallbacks.evaluate(RunAfterTestClassCallbacks.java:70)&#13;
	at org.junit.runners.ParentRunner.run(ParentRunner.java:363)&#13;
	at org.springframework.test.context.junit4.SpringJUnit4ClassRunner.run(SpringJUnit4ClassRunner.java:190)&#13;
	at org.junit.runner.JUnitCore.run(JUnitCore.java:137)&#13;
	at org.junit.runner.JUnitCore.run(JUnitCore.java:115)&#13;
	at org.junit.vintage.engine.execution.RunnerExecutor.execute(RunnerExecutor.java:40)&#13;
	at java.util.stream.ForEachOps$ForEachOp$OfRef.accept(Unknown Source)&#13;
	at java.util.stream.ReferencePipeline$3$1.accept(Unknown Source)&#13;
	at java.util.Iterator.forEachRemaining(Unknown Source)&#13;
	at java.util.Spliterators$IteratorSpliterator.forEachRemaining(Unknown Source)&#13;
	at java.util.stream.AbstractPipeline.copyInto(Unknown Source)&#13;
	at java.util.stream.AbstractPipeline.wrapAndCopyInto(Unknown Source)&#13;
	at java.util.stream.ForEachOps$ForEachOp.evaluateSequential(Unknown Source)&#13;
	at java.util.stream.ForEachOps$ForEachOp$OfRef.evaluateSequential(Unknown Source)&#13;
	at java.util.stream.AbstractPipeline.evaluate(Unknown Source)&#13;
	at java.util.stream.ReferencePipeline.forEach(Unknown Source)&#13;
	at org.junit.vintage.engine.VintageTestEngine.executeAllChildren(VintageTestEngine.java:80)&#13;
	at org.junit.vintage.engine.VintageTestEngine.execute(VintageTestEngine.java:71)&#13;
	at org.junit.platform.launcher.core.DefaultLauncher.execute(DefaultLauncher.java:229)&#13;
	at org.junit.platform.launcher.core.DefaultLauncher.lambda$execute$6(DefaultLauncher.java:197)&#13;
	at org.junit.platform.launcher.core.DefaultLauncher.withInterceptedStreams(DefaultLauncher.java:211)&#13;
	at org.junit.platform.launcher.core.DefaultLauncher.execute(DefaultLauncher.java:191)&#13;
	at org.junit.platform.launcher.core.DefaultLauncher.execute(DefaultLauncher.java:137)&#13;
	at org.eclipse.jdt.internal.junit5.runner.JUnit5TestReference.run(JUnit5TestReference.java:89)&#13;
	at org.eclipse.jdt.internal.junit.runner.TestExecution.run(TestExecution.java:41)&#13;
	at org.eclipse.jdt.internal.junit.runner.RemoteTestRunner.runTests(RemoteTestRunner.java:542)&#13;
	at org.eclipse.jdt.internal.junit.runner.RemoteTestRunner.runTests(RemoteTestRunner.java:770)&#13;
	at org.eclipse.jdt.internal.junit.runner.RemoteTestRunner.run(RemoteTestRunner.java:464)&#13;
	at org.eclipse.jdt.internal.junit.runner.RemoteTestRunner.main(RemoteTestRunner.java:210)&#13;
&#13;
</error>
    </testcase>
    <testcase name="findAll_Query" classname="com.jpa.repository.CourseRepositoryTest" time="0.059" displayname="findAll_Query" uniqueid="[engine:junit-vintage]/[runner:com.jpa.repository.CourseRepositoryTest]/[test:findAll_Query(com.jpa.repository.CourseRepositoryTest)]"/>
    <testcase name="deleteById_basic" classname="com.jpa.repository.CourseRepositoryTest" time="1.3" displayname="deleteById_basic" uniqueid="[engine:junit-vintage]/[runner:com.jpa.repository.CourseRepositoryTest]/[test:deleteById_basic(com.jpa.repository.CourseRepositoryTest)]"/>
    <testcase name="findById_basic" classname="com.jpa.repository.CourseRepositoryTest" time="0.008" displayname="findById_basic" uniqueid="[engine:junit-vintage]/[runner:com.jpa.repository.CourseRepositoryTest]/[test:findById_basic(com.jpa.repository.CourseRepositoryTest)]"/>
    <testcase name="findAll_NamedQuery" classname="com.jpa.repository.CourseRepositoryTest" time="29.727" displayname="findAll_NamedQuery" uniqueid="[engine:junit-vintage]/[runner:com.jpa.repository.CourseRepositoryTest]/[test:findAll_NamedQuery(com.jpa.repository.CourseRepositoryTest)]"/>
    <testcase name="save_basic" classname="com.jpa.repository.CourseRepositoryTest" time="0.092" displayname="save_basic" uniqueid="[engine:junit-vintage]/[runner:com.jpa.repository.CourseRepositoryTest]/[test:save_basic(com.jpa.repository.CourseRepositoryTest)]"/>
  </testsuite>
</testrun>
